Arguments: 
  /home/zerotosix/.nvm/versions/node/v16.13.1/bin/node /usr/share/yarn/bin/yarn.js start

PATH: 
  /home/zerotosix/.nvm/versions/node/v16.13.1/bin:/usr/local/sbin:/usr/local/bin:/usr/sbin:/usr/bin:/sbin:/bin:/usr/games:/usr/local/games:/snap/bin

Yarn version: 
  1.22.18

Node version: 
  16.13.1

Platform: 
  linux x64

Trace: 
  SyntaxError: /home/zerotosix/typechain/package.json: Unexpected token } in JSON at position 317
      at JSON.parse (<anonymous>)
      at /usr/share/yarn/lib/cli.js:1625:59
      at Generator.next (<anonymous>)
      at step (/usr/share/yarn/lib/cli.js:310:30)
      at /usr/share/yarn/lib/cli.js:321:13

npm manifest: 
  {
    "name": "typechain",
    "version": "1.0.0",
    "description": "Learning Typescript by making a Blockchain with it",
    "main": "index.js",
    "repository": "https://github.com/minug0226/typechain.git",
    "author": "minug0226 <dhsfkdls04@naver.com>",
    "license": "MIT",
    "scripts": {
      "start": "node index.js",
    },
    "dependencies": {
      "tsc": "^2.0.4"
    },
    "devDependencies": {
      "typescript": "^4.6.3"
    }
  }

yarn manifest: 
  No manifest

Lockfile: 
  # THIS IS AN AUTOGENERATED FILE. DO NOT EDIT THIS FILE DIRECTLY.
  # yarn lockfile v1
  
  
  "tsc@^2.0.4":
    "integrity" "sha512-fzoSieZI5KKJVBYGvwbVZs/J5za84f2lSTLPYf6AGiIf43tZ3GNrI1QzTLcjtyDDP4aLxd46RTZq1nQxe7+k5Q=="
    "resolved" "https://registry.npmjs.org/tsc/-/tsc-2.0.4.tgz"
    "version" "2.0.4"
  
  "typescript@^4.6.3":
    "integrity" "sha512-yNIatDa5iaofVozS/uQJEl3JRWLKKGJKh6Yaiv0GLGSuhpFJe7P3SbHZ8/yjAHRQwKRoA6YZqlfjXWmVzoVSMw=="
    "resolved" "https://registry.npmjs.org/typescript/-/typescript-4.6.3.tgz"
    "version" "4.6.3"
